# JRE version: OpenJDK Runtime Environment (8.0_112-b06) (build 1.8.0_112-release-b06)
# Java VM: OpenJDK 64-Bit Server VM (25.112-b06 mixed mode windows-amd64 compressed oops)
Heap:
 PSYoungGen      total 152576K, used 115170K [0x00000000e0000000, 0x00000000ebe80000, 0x0000000100000000)
  eden space 122368K, 69% used [0x00000000e0000000,0x00000000e52fcb70,0x00000000e7780000)
  from space 30208K, 99% used [0x00000000ea100000,0x00000000ebe7c050,0x00000000ebe80000)
  to   space 26112K, 0% used [0x00000000e7780000,0x00000000e7780000,0x00000000e9100000)
 ParOldGen       total 119808K, used 72758K [0x00000000a0000000, 0x00000000a7500000, 0x00000000e0000000)
  object space 119808K, 60% used [0x00000000a0000000,0x00000000a470d8a8,0x00000000a7500000)
 Metaspace       used 80629K, capacity 84658K, committed 84736K, reserved 1122304K
  class space    used 10016K, capacity 10971K, committed 11008K, reserved 1048576K
GC Heap History (10 events):
Event: 101.159 GC heap before
{Heap before GC invocations=23 (full 3):
 PSYoungGen      total 121344K, used 121323K [0x00000000e0000000, 0x00000000e9f00000, 0x0000000100000000)
  eden space 104448K, 100% used [0x00000000e0000000,0x00000000e6600000,0x00000000e6600000)
  from space 16896K, 99% used [0x00000000e6600000,0x00000000e767acc0,0x00000000e7680000)
  to   space 24064K, 0% used [0x00000000e8780000,0x00000000e8780000,0x00000000e9f00000)
 ParOldGen       total 119808K, used 53729K [0x00000000a0000000, 0x00000000a7500000, 0x00000000e0000000)
  object space 119808K, 44% used [0x00000000a0000000,0x00000000a34785a8,0x00000000a7500000)
 Metaspace       used 73004K, capacity 75682K, committed 75776K, reserved 1116160K
  class space    used 9026K, capacity 9700K, committed 9728K, reserved 1048576K
Event: 101.225 GC heap after
Heap after GC invocations=23 (full 3):
 PSYoungGen      total 135680K, used 11709K [0x00000000e0000000, 0x00000000e9c80000, 0x0000000100000000)
  eden space 114176K, 0% used [0x00000000e0000000,0x00000000e0000000,0x00000000e6f80000)
  from space 21504K, 54% used [0x00000000e8780000,0x00000000e92ef7f8,0x00000000e9c80000)
  to   space 23040K, 0% used [0x00000000e6f80000,0x00000000e6f80000,0x00000000e8600000)
 ParOldGen       total 119808K, used 61516K [0x00000000a0000000, 0x00000000a7500000, 0x00000000e0000000)
  object space 119808K, 51% used [0x00000000a0000000,0x00000000a3c131b0,0x00000000a7500000)
 Metaspace       used 73004K, capacity 75682K, committed 75776K, reserved 1116160K
  class space    used 9026K, capacity 9700K, committed 9728K, reserved 1048576K
}
Event: 112.361 GC heap before
{Heap before GC invocations=24 (full 3):
 PSYoungGen      total 135680K, used 125885K [0x00000000e0000000, 0x00000000e9c80000, 0x0000000100000000)
  eden space 114176K, 100% used [0x00000000e0000000,0x00000000e6f80000,0x00000000e6f80000)
  from space 21504K, 54% used [0x00000000e8780000,0x00000000e92ef7f8,0x00000000e9c80000)
  to   space 23040K, 0% used [0x00000000e6f80000,0x00000000e6f80000,0x00000000e8600000)
 ParOldGen       total 119808K, used 61516K [0x00000000a0000000, 0x00000000a7500000, 0x00000000e0000000)
  object space 119808K, 51% used [0x00000000a0000000,0x00000000a3c131b0,0x00000000a7500000)
 Metaspace       used 73717K, capacity 76652K, committed 76928K, reserved 1116160K
  class space    used 9103K, capacity 9803K, committed 9856K, reserved 1048576K
Event: 112.440 GC heap after
Heap after GC invocations=24 (full 3):
 PSYoungGen      total 137216K, used 16180K [0x00000000e0000000, 0x00000000ea800000, 0x0000000100000000)
  eden space 114176K, 0% used [0x00000000e0000000,0x00000000e0000000,0x00000000e6f80000)
  from space 23040K, 70% used [0x00000000e6f80000,0x00000000e7f4d3f0,0x00000000e8600000)
  to   space 23552K, 0% used [0x00000000e9100000,0x00000000e9100000,0x00000000ea800000)
 ParOldGen       total 119808K, used 61543K [0x00000000a0000000, 0x00000000a7500000, 0x00000000e0000000)
  object space 119808K, 51% used [0x00000000a0000000,0x00000000a3c19e00,0x00000000a7500000)
 Metaspace       used 73717K, capacity 76652K, committed 76928K, reserved 1116160K
  class space    used 9103K, capacity 9803K, committed 9856K, reserved 1048576K
}
Event: 121.731 GC heap before
{Heap before GC invocations=25 (full 3):
 PSYoungGen      total 137216K, used 130356K [0x00000000e0000000, 0x00000000ea800000, 0x0000000100000000)
  eden space 114176K, 100% used [0x00000000e0000000,0x00000000e6f80000,0x00000000e6f80000)
  from space 23040K, 70% used [0x00000000e6f80000,0x00000000e7f4d3f0,0x00000000e8600000)
  to   space 23552K, 0% used [0x00000000e9100000,0x00000000e9100000,0x00000000ea800000)
 ParOldGen       total 119808K, used 61543K [0x00000000a0000000, 0x00000000a7500000, 0x00000000e0000000)
  object space 119808K, 51% used [0x00000000a0000000,0x00000000a3c19e00,0x00000000a7500000)
 Metaspace       used 74174K, capacity 77118K, committed 77184K, reserved 1116160K
  class space    used 9113K, capacity 9816K, committed 9856K, reserved 1048576K
Event: 121.791 GC heap after
Heap after GC invocations=25 (full 3):
 PSYoungGen      total 145920K, used 20673K [0x00000000e0000000, 0x00000000eac80000, 0x0000000100000000)
  eden space 122368K, 0% used [0x00000000e0000000,0x00000000e0000000,0x00000000e7780000)
  from space 23552K, 87% used [0x00000000e9100000,0x00000000ea5306e8,0x00000000ea800000)
  to   space 26112K, 0% used [0x00000000e7780000,0x00000000e7780000,0x00000000e9100000)
 ParOldGen       total 119808K, used 61551K [0x00000000a0000000, 0x00000000a7500000, 0x00000000e0000000)
  object space 119808K, 51% used [0x00000000a0000000,0x00000000a3c1be00,0x00000000a7500000)
 Metaspace       used 74174K, capacity 77118K, committed 77184K, reserved 1116160K
  class space    used 9113K, capacity 9816K, committed 9856K, reserved 1048576K
}
Event: 131.914 GC heap before
{Heap before GC invocations=26 (full 3):
 PSYoungGen      total 145920K, used 143041K [0x00000000e0000000, 0x00000000eac80000, 0x0000000100000000)
  eden space 122368K, 100% used [0x00000000e0000000,0x00000000e7780000,0x00000000e7780000)
  from space 23552K, 87% used [0x00000000e9100000,0x00000000ea5306e8,0x00000000ea800000)
  to   space 26112K, 0% used [0x00000000e7780000,0x00000000e7780000,0x00000000e9100000)
 ParOldGen       total 119808K, used 61551K [0x00000000a0000000, 0x00000000a7500000, 0x00000000e0000000)
  object space 119808K, 51% used [0x00000000a0000000,0x00000000a3c1be00,0x00000000a7500000)
 Metaspace       used 77122K, capacity 80420K, committed 80640K, reserved 1120256K
  class space    used 9400K, capacity 10173K, committed 10240K, reserved 1048576K
Event: 132.033 GC heap after
Heap after GC invocations=26 (full 3):
 PSYoungGen      total 148480K, used 26102K [0x00000000e0000000, 0x00000000ebe80000, 0x0000000100000000)
  eden space 122368K, 0% used [0x00000000e0000000,0x00000000e0000000,0x00000000e7780000)
  from space 26112K, 99% used [0x00000000e7780000,0x00000000e90fd8f8,0x00000000e9100000)
  to   space 30208K, 0% used [0x00000000ea100000,0x00000000ea100000,0x00000000ebe80000)
 ParOldGen       total 119808K, used 63040K [0x00000000a0000000, 0x00000000a7500000, 0x00000000e0000000)
  object space 119808K, 52% used [0x00000000a0000000,0x00000000a3d903a8,0x00000000a7500000)
 Metaspace       used 77122K, capacity 80420K, committed 80640K, reserved 1120256K
  class space    used 9400K, capacity 10173K, committed 10240K, reserved 1048576K
}
Event: 142.482 GC heap before
{Heap before GC invocations=27 (full 3):
 PSYoungGen      total 148480K, used 148470K [0x00000000e0000000, 0x00000000ebe80000, 0x0000000100000000)
  eden space 122368K, 100% used [0x00000000e0000000,0x00000000e7780000,0x00000000e7780000)
  from space 26112K, 99% used [0x00000000e7780000,0x00000000e90fd8f8,0x00000000e9100000)
  to   space 30208K, 0% used [0x00000000ea100000,0x00000000ea100000,0x00000000ebe80000)
 ParOldGen       total 119808K, used 63040K [0x00000000a0000000, 0x00000000a7500000, 0x00000000e0000000)
  object space 119808K, 52% used [0x00000000a0000000,0x00000000a3d903a8,0x00000000a7500000)
 Metaspace       used 79300K, capacity 82884K, committed 83200K, reserved 1122304K
  class space    used 9778K, capacity 10634K, committed 10752K, reserved 1048576K
Event: 142.720 GC heap after
Heap after GC invocations=27 (full 3):
 PSYoungGen      total 152576K, used 30192K [0x00000000e0000000, 0x00000000ebe80000, 0x0000000100000000)
  eden space 122368K, 0% used [0x00000000e0000000,0x00000000e0000000,0x00000000e7780000)
  from space 30208K, 99% used [0x00000000ea100000,0x00000000ebe7c050,0x00000000ebe80000)
  to   space 26112K, 0% used [0x00000000e7780000,0x00000000e7780000,0x00000000e9100000)
 ParOldGen       total 119808K, used 72758K [0x00000000a0000000, 0x00000000a7500000, 0x00000000e0000000)
  object space 119808K, 60% used [0x00000000a0000000,0x00000000a470d8a8,0x00000000a7500000)
 Metaspace       used 79300K, capacity 82884K, committed 83200K, reserved 1122304K
  class space    used 9778K, capacity 10634K, committed 10752K, reserved 1048576K
}

