# JRE version: OpenJDK Runtime Environment (8.0_112-b06) (build 1.8.0_112-release-b06)
# Java VM: OpenJDK 64-Bit Server VM (25.112-b06 mixed mode windows-amd64 compressed oops)
Heap:
 PSYoungGen      total 249856K, used 137663K [0x00000000e0000000, 0x00000000f4700000, 0x0000000100000000)
  eden space 208384K, 66% used [0x00000000e0000000,0x00000000e866fcc8,0x00000000ecb80000)
  from space 41472K, 0% used [0x00000000ecb80000,0x00000000ecb80000,0x00000000ef400000)
  to   space 44032K, 0% used [0x00000000f1c00000,0x00000000f1c00000,0x00000000f4700000)
 ParOldGen       total 220672K, used 125884K [0x00000000a0000000, 0x00000000ad780000, 0x00000000e0000000)
  object space 220672K, 57% used [0x00000000a0000000,0x00000000a7aef3f8,0x00000000ad780000)
 Metaspace       used 74041K, capacity 78310K, committed 78612K, reserved 1118208K
  class space    used 9288K, capacity 10221K, committed 10300K, reserved 1048576K
GC Heap History (10 events):
Event: 247.288 GC heap before
{Heap before GC invocations=28 (full 4):
 PSYoungGen      total 188416K, used 163840K [0x00000000e0000000, 0x00000000ee680000, 0x0000000100000000)
  eden space 163840K, 100% used [0x00000000e0000000,0x00000000ea000000,0x00000000ea000000)
  from space 24576K, 0% used [0x00000000ea000000,0x00000000ea000000,0x00000000eb800000)
  to   space 25600K, 0% used [0x00000000ecd80000,0x00000000ecd80000,0x00000000ee680000)
 ParOldGen       total 152576K, used 82789K [0x00000000a0000000, 0x00000000a9500000, 0x00000000e0000000)
  object space 152576K, 54% used [0x00000000a0000000,0x00000000a50d9460,0x00000000a9500000)
 Metaspace       used 73657K, capacity 77894K, committed 78100K, reserved 1118208K
  class space    used 9283K, capacity 10189K, committed 10300K, reserved 1048576K
Event: 247.365 GC heap after
Heap after GC invocations=28 (full 4):
 PSYoungGen      total 207872K, used 20856K [0x00000000e0000000, 0x00000000ef000000, 0x0000000100000000)
  eden space 182272K, 0% used [0x00000000e0000000,0x00000000e0000000,0x00000000eb200000)
  from space 25600K, 81% used [0x00000000ecd80000,0x00000000ee1de388,0x00000000ee680000)
  to   space 28160K, 0% used [0x00000000eb200000,0x00000000eb200000,0x00000000ecd80000)
 ParOldGen       total 152576K, used 82789K [0x00000000a0000000, 0x00000000a9500000, 0x00000000e0000000)
  object space 152576K, 54% used [0x00000000a0000000,0x00000000a50d9460,0x00000000a9500000)
 Metaspace       used 73657K, capacity 77894K, committed 78100K, reserved 1118208K
  class space    used 9283K, capacity 10189K, committed 10300K, reserved 1048576K
}
Event: 250.687 GC heap before
{Heap before GC invocations=29 (full 4):
 PSYoungGen      total 207872K, used 203128K [0x00000000e0000000, 0x00000000ef000000, 0x0000000100000000)
  eden space 182272K, 100% used [0x00000000e0000000,0x00000000eb200000,0x00000000eb200000)
  from space 25600K, 81% used [0x00000000ecd80000,0x00000000ee1de388,0x00000000ee680000)
  to   space 28160K, 0% used [0x00000000eb200000,0x00000000eb200000,0x00000000ecd80000)
 ParOldGen       total 152576K, used 82793K [0x00000000a0000000, 0x00000000a9500000, 0x00000000e0000000)
  object space 152576K, 54% used [0x00000000a0000000,0x00000000a50da408,0x00000000a9500000)
 Metaspace       used 73733K, capacity 77958K, committed 78100K, reserved 1118208K
  class space    used 9283K, capacity 10189K, committed 10300K, reserved 1048576K
Event: 250.852 GC heap after
Heap after GC invocations=29 (full 4):
 PSYoungGen      total 210432K, used 28145K [0x00000000e0000000, 0x00000000f1980000, 0x0000000100000000)
  eden space 182272K, 0% used [0x00000000e0000000,0x00000000e0000000,0x00000000eb200000)
  from space 28160K, 99% used [0x00000000eb200000,0x00000000ecd7c610,0x00000000ecd80000)
  to   space 38400K, 0% used [0x00000000ef400000,0x00000000ef400000,0x00000000f1980000)
 ParOldGen       total 152576K, used 99236K [0x00000000a0000000, 0x00000000a9500000, 0x00000000e0000000)
  object space 152576K, 65% used [0x00000000a0000000,0x00000000a60e9168,0x00000000a9500000)
 Metaspace       used 73733K, capacity 77958K, committed 78100K, reserved 1118208K
  class space    used 9283K, capacity 10189K, committed 10300K, reserved 1048576K
}
Event: 256.376 GC heap before
{Heap before GC invocations=30 (full 4):
 PSYoungGen      total 210432K, used 210417K [0x00000000e0000000, 0x00000000f1980000, 0x0000000100000000)
  eden space 182272K, 100% used [0x00000000e0000000,0x00000000eb200000,0x00000000eb200000)
  from space 28160K, 99% used [0x00000000eb200000,0x00000000ecd7c610,0x00000000ecd80000)
  to   space 38400K, 0% used [0x00000000ef400000,0x00000000ef400000,0x00000000f1980000)
 ParOldGen       total 152576K, used 99236K [0x00000000a0000000, 0x00000000a9500000, 0x00000000e0000000)
  object space 152576K, 65% used [0x00000000a0000000,0x00000000a60e9168,0x00000000a9500000)
 Metaspace       used 74004K, capacity 78310K, committed 78612K, reserved 1118208K
  class space    used 9287K, capacity 10221K, committed 10300K, reserved 1048576K
Event: 256.576 GC heap after
Heap after GC invocations=30 (full 4):
 PSYoungGen      total 246784K, used 29256K [0x00000000e0000000, 0x00000000f2200000, 0x0000000100000000)
  eden space 208384K, 0% used [0x00000000e0000000,0x00000000e0000000,0x00000000ecb80000)
  from space 38400K, 76% used [0x00000000ef400000,0x00000000f10921f8,0x00000000f1980000)
  to   space 41472K, 0% used [0x00000000ecb80000,0x00000000ecb80000,0x00000000ef400000)
 ParOldGen       total 152576K, used 109258K [0x00000000a0000000, 0x00000000a9500000, 0x00000000e0000000)
  object space 152576K, 71% used [0x00000000a0000000,0x00000000a6ab2be0,0x00000000a9500000)
 Metaspace       used 74004K, capacity 78310K, committed 78612K, reserved 1118208K
  class space    used 9287K, capacity 10221K, committed 10300K, reserved 1048576K
}
Event: 265.454 GC heap before
{Heap before GC invocations=31 (full 4):
 PSYoungGen      total 246784K, used 237640K [0x00000000e0000000, 0x00000000f2200000, 0x0000000100000000)
  eden space 208384K, 100% used [0x00000000e0000000,0x00000000ecb80000,0x00000000ecb80000)
  from space 38400K, 76% used [0x00000000ef400000,0x00000000f10921f8,0x00000000f1980000)
  to   space 41472K, 0% used [0x00000000ecb80000,0x00000000ecb80000,0x00000000ef400000)
 ParOldGen       total 152576K, used 109258K [0x00000000a0000000, 0x00000000a9500000, 0x00000000e0000000)
  object space 152576K, 71% used [0x00000000a0000000,0x00000000a6ab2be0,0x00000000a9500000)
 Metaspace       used 74017K, capacity 78310K, committed 78612K, reserved 1118208K
  class space    used 9287K, capacity 10221K, committed 10300K, reserved 1048576K
Event: 265.821 GC heap after
Heap after GC invocations=31 (full 4):
 PSYoungGen      total 249856K, used 30573K [0x00000000e0000000, 0x00000000f4700000, 0x0000000100000000)
  eden space 208384K, 0% used [0x00000000e0000000,0x00000000e0000000,0x00000000ecb80000)
  from space 41472K, 73% used [0x00000000ecb80000,0x00000000ee95b758,0x00000000ef400000)
  to   space 44032K, 0% used [0x00000000f1c00000,0x00000000f1c00000,0x00000000f4700000)
 ParOldGen       total 152576K, used 137730K [0x00000000a0000000, 0x00000000a9500000, 0x00000000e0000000)
  object space 152576K, 90% used [0x00000000a0000000,0x00000000a8680820,0x00000000a9500000)
 Metaspace       used 74017K, capacity 78310K, committed 78612K, reserved 1118208K
  class space    used 9287K, capacity 10221K, committed 10300K, reserved 1048576K
}
Event: 265.821 GC heap before
{Heap before GC invocations=32 (full 5):
 PSYoungGen      total 249856K, used 30573K [0x00000000e0000000, 0x00000000f4700000, 0x0000000100000000)
  eden space 208384K, 0% used [0x00000000e0000000,0x00000000e0000000,0x00000000ecb80000)
  from space 41472K, 73% used [0x00000000ecb80000,0x00000000ee95b758,0x00000000ef400000)
  to   space 44032K, 0% used [0x00000000f1c00000,0x00000000f1c00000,0x00000000f4700000)
 ParOldGen       total 152576K, used 137730K [0x00000000a0000000, 0x00000000a9500000, 0x00000000e0000000)
  object space 152576K, 90% used [0x00000000a0000000,0x00000000a8680820,0x00000000a9500000)
 Metaspace       used 74017K, capacity 78310K, committed 78612K, reserved 1118208K
  class space    used 9287K, capacity 10221K, committed 10300K, reserved 1048576K
Event: 269.392 GC heap after
Heap after GC invocations=32 (full 5):
 PSYoungGen      total 249856K, used 0K [0x00000000e0000000, 0x00000000f4700000, 0x0000000100000000)
  eden space 208384K, 0% used [0x00000000e0000000,0x00000000e0000000,0x00000000ecb80000)
  from space 41472K, 0% used [0x00000000ecb80000,0x00000000ecb80000,0x00000000ef400000)
  to   space 44032K, 0% used [0x00000000f1c00000,0x00000000f1c00000,0x00000000f4700000)
 ParOldGen       total 220672K, used 125884K [0x00000000a0000000, 0x00000000ad780000, 0x00000000e0000000)
  object space 220672K, 57% used [0x00000000a0000000,0x00000000a7aef3f8,0x00000000ad780000)
 Metaspace       used 74017K, capacity 78310K, committed 78612K, reserved 1118208K
  class space    used 9287K, capacity 10221K, committed 10300K, reserved 1048576K
}

