# JRE version: OpenJDK Runtime Environment (8.0_112-b06) (build 1.8.0_112-release-b06)
# Java VM: OpenJDK 64-Bit Server VM (25.112-b06 mixed mode windows-amd64 compressed oops)
Heap:
 PSYoungGen      total 436224K, used 252000K [0x00000000e0000000, 0x0000000100000000, 0x0000000100000000)
  eden space 360448K, 63% used [0x00000000e0000000,0x00000000ede26fc8,0x00000000f6000000)
  from space 75776K, 32% used [0x00000000fb600000,0x00000000fcdf1208,0x0000000100000000)
  to   space 81920K, 0% used [0x00000000f6000000,0x00000000f6000000,0x00000000fb000000)
 ParOldGen       total 232448K, used 186965K [0x00000000a0000000, 0x00000000ae300000, 0x00000000e0000000)
  object space 232448K, 80% used [0x00000000a0000000,0x00000000ab695620,0x00000000ae300000)
 Metaspace       used 81823K, capacity 85381K, committed 85592K, reserved 1124352K
  class space    used 9782K, capacity 10600K, committed 10624K, reserved 1048576K
GC Heap History (10 events):
Event: 212.733 GC heap before
{Heap before GC invocations=31 (full 4):
 PSYoungGen      total 384000K, used 344874K [0x00000000e0000000, 0x00000000fbc00000, 0x0000000100000000)
  eden space 318464K, 100% used [0x00000000e0000000,0x00000000f3700000,0x00000000f3700000)
  from space 65536K, 40% used [0x00000000f7c00000,0x00000000f95ca8b8,0x00000000fbc00000)
  to   space 68096K, 0% used [0x00000000f3700000,0x00000000f3700000,0x00000000f7980000)
 ParOldGen       total 178176K, used 102307K [0x00000000a0000000, 0x00000000aae00000, 0x00000000e0000000)
  object space 178176K, 57% used [0x00000000a0000000,0x00000000a63e8c00,0x00000000aae00000)
 Metaspace       used 79432K, capacity 82887K, committed 83032K, reserved 1122304K
  class space    used 9469K, capacity 10285K, committed 10368K, reserved 1048576K
Event: 212.954 GC heap after
Heap after GC invocations=31 (full 4):
 PSYoungGen      total 386560K, used 45452K [0x00000000e0000000, 0x0000000100000000, 0x0000000100000000)
  eden space 318464K, 0% used [0x00000000e0000000,0x00000000e0000000,0x00000000f3700000)
  from space 68096K, 66% used [0x00000000f3700000,0x00000000f63633d8,0x00000000f7980000)
  to   space 70656K, 0% used [0x00000000fbb00000,0x00000000fbb00000,0x0000000100000000)
 ParOldGen       total 178176K, used 127956K [0x00000000a0000000, 0x00000000aae00000, 0x00000000e0000000)
  object space 178176K, 71% used [0x00000000a0000000,0x00000000a7cf5088,0x00000000aae00000)
 Metaspace       used 79432K, capacity 82887K, committed 83032K, reserved 1122304K
  class space    used 9469K, capacity 10285K, committed 10368K, reserved 1048576K
}
Event: 227.381 GC heap before
{Heap before GC invocations=32 (full 4):
 PSYoungGen      total 386560K, used 350505K [0x00000000e0000000, 0x0000000100000000, 0x0000000100000000)
  eden space 318464K, 95% used [0x00000000e0000000,0x00000000f29e7120,0x00000000f3700000)
  from space 68096K, 66% used [0x00000000f3700000,0x00000000f63633d8,0x00000000f7980000)
  to   space 70656K, 0% used [0x00000000fbb00000,0x00000000fbb00000,0x0000000100000000)
 ParOldGen       total 178176K, used 144340K [0x00000000a0000000, 0x00000000aae00000, 0x00000000e0000000)
  object space 178176K, 81% used [0x00000000a0000000,0x00000000a8cf5098,0x00000000aae00000)
 Metaspace       used 80911K, capacity 84419K, committed 84696K, reserved 1124352K
  class space    used 9650K, capacity 10485K, committed 10496K, reserved 1048576K
Event: 227.658 GC heap after
Heap after GC invocations=32 (full 4):
 PSYoungGen      total 446464K, used 48783K [0x00000000e0000000, 0x0000000100000000, 0x0000000100000000)
  eden space 375808K, 0% used [0x00000000e0000000,0x00000000e0000000,0x00000000f6f00000)
  from space 70656K, 69% used [0x00000000fbb00000,0x00000000feaa3fe8,0x0000000100000000)
  to   space 74240K, 0% used [0x00000000f6f00000,0x00000000f6f00000,0x00000000fb780000)
 ParOldGen       total 178176K, used 165270K [0x00000000a0000000, 0x00000000aae00000, 0x00000000e0000000)
  object space 178176K, 92% used [0x00000000a0000000,0x00000000aa165ad8,0x00000000aae00000)
 Metaspace       used 80911K, capacity 84419K, committed 84696K, reserved 1124352K
  class space    used 9650K, capacity 10485K, committed 10496K, reserved 1048576K
}
Event: 227.658 GC heap before
{Heap before GC invocations=33 (full 5):
 PSYoungGen      total 446464K, used 48783K [0x00000000e0000000, 0x0000000100000000, 0x0000000100000000)
  eden space 375808K, 0% used [0x00000000e0000000,0x00000000e0000000,0x00000000f6f00000)
  from space 70656K, 69% used [0x00000000fbb00000,0x00000000feaa3fe8,0x0000000100000000)
  to   space 74240K, 0% used [0x00000000f6f00000,0x00000000f6f00000,0x00000000fb780000)
 ParOldGen       total 178176K, used 165270K [0x00000000a0000000, 0x00000000aae00000, 0x00000000e0000000)
  object space 178176K, 92% used [0x00000000a0000000,0x00000000aa165ad8,0x00000000aae00000)
 Metaspace       used 80911K, capacity 84419K, committed 84696K, reserved 1124352K
  class space    used 9650K, capacity 10485K, committed 10496K, reserved 1048576K
Event: 230.107 GC heap after
Heap after GC invocations=33 (full 5):
 PSYoungGen      total 446464K, used 0K [0x00000000e0000000, 0x0000000100000000, 0x0000000100000000)
  eden space 375808K, 0% used [0x00000000e0000000,0x00000000e0000000,0x00000000f6f00000)
  from space 70656K, 0% used [0x00000000fbb00000,0x00000000fbb00000,0x0000000100000000)
  to   space 74240K, 0% used [0x00000000f6f00000,0x00000000f6f00000,0x00000000fb780000)
 ParOldGen       total 232448K, used 134026K [0x00000000a0000000, 0x00000000ae300000, 0x00000000e0000000)
  object space 232448K, 57% used [0x00000000a0000000,0x00000000a82e2b38,0x00000000ae300000)
 Metaspace       used 80911K, capacity 84419K, committed 84696K, reserved 1124352K
  class space    used 9650K, capacity 10485K, committed 10496K, reserved 1048576K
}
Event: 233.206 GC heap before
{Heap before GC invocations=34 (full 5):
 PSYoungGen      total 446464K, used 375808K [0x00000000e0000000, 0x0000000100000000, 0x0000000100000000)
  eden space 375808K, 100% used [0x00000000e0000000,0x00000000f6f00000,0x00000000f6f00000)
  from space 70656K, 0% used [0x00000000fbb00000,0x00000000fbb00000,0x0000000100000000)
  to   space 74240K, 0% used [0x00000000f6f00000,0x00000000f6f00000,0x00000000fb780000)
 ParOldGen       total 232448K, used 160066K [0x00000000a0000000, 0x00000000ae300000, 0x00000000e0000000)
  object space 232448K, 68% used [0x00000000a0000000,0x00000000a9c50880,0x00000000ae300000)
 Metaspace       used 80911K, capacity 84419K, committed 84696K, reserved 1124352K
  class space    used 9650K, capacity 10485K, committed 10496K, reserved 1048576K
Event: 233.370 GC heap after
Heap after GC invocations=34 (full 5):
 PSYoungGen      total 448512K, used 72537K [0x00000000e0000000, 0x0000000100000000, 0x0000000100000000)
  eden space 375808K, 0% used [0x00000000e0000000,0x00000000e0000000,0x00000000f6f00000)
  from space 72704K, 99% used [0x00000000f6f00000,0x00000000fb5d6788,0x00000000fb600000)
  to   space 75776K, 0% used [0x00000000fb600000,0x00000000fb600000,0x0000000100000000)
 ParOldGen       total 232448K, used 186957K [0x00000000a0000000, 0x00000000ae300000, 0x00000000e0000000)
  object space 232448K, 80% used [0x00000000a0000000,0x00000000ab693620,0x00000000ae300000)
 Metaspace       used 80911K, capacity 84419K, committed 84696K, reserved 1124352K
  class space    used 9650K, capacity 10485K, committed 10496K, reserved 1048576K
}
Event: 237.220 GC heap before
{Heap before GC invocations=35 (full 5):
 PSYoungGen      total 448512K, used 447630K [0x00000000e0000000, 0x0000000100000000, 0x0000000100000000)
  eden space 375808K, 99% used [0x00000000e0000000,0x00000000f6e4d228,0x00000000f6f00000)
  from space 72704K, 99% used [0x00000000f6f00000,0x00000000fb5d6788,0x00000000fb600000)
  to   space 75776K, 0% used [0x00000000fb600000,0x00000000fb600000,0x0000000100000000)
 ParOldGen       total 232448K, used 186957K [0x00000000a0000000, 0x00000000ae300000, 0x00000000e0000000)
  object space 232448K, 80% used [0x00000000a0000000,0x00000000ab693620,0x00000000ae300000)
 Metaspace       used 81678K, capacity 85215K, committed 85336K, reserved 1124352K
  class space    used 9759K, capacity 10593K, committed 10624K, reserved 1048576K
Event: 237.370 GC heap after
Heap after GC invocations=35 (full 5):
 PSYoungGen      total 436224K, used 24516K [0x00000000e0000000, 0x0000000100000000, 0x0000000100000000)
  eden space 360448K, 0% used [0x00000000e0000000,0x00000000e0000000,0x00000000f6000000)
  from space 75776K, 32% used [0x00000000fb600000,0x00000000fcdf1208,0x0000000100000000)
  to   space 81920K, 0% used [0x00000000f6000000,0x00000000f6000000,0x00000000fb000000)
 ParOldGen       total 232448K, used 186965K [0x00000000a0000000, 0x00000000ae300000, 0x00000000e0000000)
  object space 232448K, 80% used [0x00000000a0000000,0x00000000ab695620,0x00000000ae300000)
 Metaspace       used 81678K, capacity 85215K, committed 85336K, reserved 1124352K
  class space    used 9759K, capacity 10593K, committed 10624K, reserved 1048576K
}

