# JRE version: OpenJDK Runtime Environment (8.0_112-b06) (build 1.8.0_112-release-b06)
# Java VM: OpenJDK 64-Bit Server VM (25.112-b06 mixed mode windows-amd64 compressed oops)
Heap:
 PSYoungGen      total 166912K, used 17356K [0x00000000e0000000, 0x00000000edc00000, 0x0000000100000000)
  eden space 140800K, 3% used [0x00000000e0000000,0x00000000e05017f8,0x00000000e8980000)
  from space 26112K, 46% used [0x00000000eab00000,0x00000000eb6f1a80,0x00000000ec480000)
  to   space 34304K, 0% used [0x00000000e8980000,0x00000000e8980000,0x00000000eab00000)
 ParOldGen       total 169984K, used 95602K [0x00000000a0000000, 0x00000000aa600000, 0x00000000e0000000)
  object space 169984K, 56% used [0x00000000a0000000,0x00000000a5d5c9a0,0x00000000aa600000)
 Metaspace       used 65864K, capacity 68484K, committed 68824K, reserved 1110016K
  class space    used 8238K, capacity 8855K, committed 8960K, reserved 1048576K
GC Heap History (10 events):
Event: 70.748 GC heap before
{Heap before GC invocations=24 (full 3):
 PSYoungGen      total 124928K, used 124308K [0x00000000e0000000, 0x00000000e8c80000, 0x0000000100000000)
  eden space 117248K, 100% used [0x00000000e0000000,0x00000000e7280000,0x00000000e7280000)
  from space 7680K, 91% used [0x00000000e8500000,0x00000000e8be5048,0x00000000e8c80000)
  to   space 13312K, 0% used [0x00000000e7280000,0x00000000e7280000,0x00000000e7f80000)
 ParOldGen       total 95744K, used 44951K [0x00000000a0000000, 0x00000000a5d80000, 0x00000000e0000000)
  object space 95744K, 46% used [0x00000000a0000000,0x00000000a2be5c08,0x00000000a5d80000)
 Metaspace       used 65659K, capacity 68292K, committed 68568K, reserved 1110016K
  class space    used 8236K, capacity 8855K, committed 8960K, reserved 1048576K
Event: 70.800 GC heap after
Heap after GC invocations=24 (full 3):
 PSYoungGen      total 130560K, used 13307K [0x00000000e0000000, 0x00000000ea180000, 0x0000000100000000)
  eden space 117248K, 0% used [0x00000000e0000000,0x00000000e0000000,0x00000000e7280000)
  from space 13312K, 99% used [0x00000000e7280000,0x00000000e7f7ecc0,0x00000000e7f80000)
  to   space 16384K, 0% used [0x00000000e9180000,0x00000000e9180000,0x00000000ea180000)
 ParOldGen       total 95744K, used 48553K [0x00000000a0000000, 0x00000000a5d80000, 0x00000000e0000000)
  object space 95744K, 50% used [0x00000000a0000000,0x00000000a2f6a668,0x00000000a5d80000)
 Metaspace       used 65659K, capacity 68292K, committed 68568K, reserved 1110016K
  class space    used 8236K, capacity 8855K, committed 8960K, reserved 1048576K
}
Event: 76.434 GC heap before
{Heap before GC invocations=25 (full 3):
 PSYoungGen      total 130560K, used 130555K [0x00000000e0000000, 0x00000000ea180000, 0x0000000100000000)
  eden space 117248K, 100% used [0x00000000e0000000,0x00000000e7280000,0x00000000e7280000)
  from space 13312K, 99% used [0x00000000e7280000,0x00000000e7f7ecc0,0x00000000e7f80000)
  to   space 16384K, 0% used [0x00000000e9180000,0x00000000e9180000,0x00000000ea180000)
 ParOldGen       total 95744K, used 48553K [0x00000000a0000000, 0x00000000a5d80000, 0x00000000e0000000)
  object space 95744K, 50% used [0x00000000a0000000,0x00000000a2f6a668,0x00000000a5d80000)
 Metaspace       used 65794K, capacity 68420K, committed 68568K, reserved 1110016K
  class space    used 8238K, capacity 8855K, committed 8960K, reserved 1048576K
Event: 76.513 GC heap after
Heap after GC invocations=25 (full 3):
 PSYoungGen      total 141312K, used 16365K [0x00000000e0000000, 0x00000000eb200000, 0x0000000100000000)
  eden space 124928K, 0% used [0x00000000e0000000,0x00000000e0000000,0x00000000e7a00000)
  from space 16384K, 99% used [0x00000000e9180000,0x00000000ea17b428,0x00000000ea180000)
  to   space 24064K, 0% used [0x00000000e7a00000,0x00000000e7a00000,0x00000000e9180000)
 ParOldGen       total 95744K, used 62716K [0x00000000a0000000, 0x00000000a5d80000, 0x00000000e0000000)
  object space 95744K, 65% used [0x00000000a0000000,0x00000000a3d3f148,0x00000000a5d80000)
 Metaspace       used 65794K, capacity 68420K, committed 68568K, reserved 1110016K
  class space    used 8238K, capacity 8855K, committed 8960K, reserved 1048576K
}
Event: 79.333 GC heap before
{Heap before GC invocations=26 (full 3):
 PSYoungGen      total 141312K, used 141293K [0x00000000e0000000, 0x00000000eb200000, 0x0000000100000000)
  eden space 124928K, 100% used [0x00000000e0000000,0x00000000e7a00000,0x00000000e7a00000)
  from space 16384K, 99% used [0x00000000e9180000,0x00000000ea17b428,0x00000000ea180000)
  to   space 24064K, 0% used [0x00000000e7a00000,0x00000000e7a00000,0x00000000e9180000)
 ParOldGen       total 95744K, used 62716K [0x00000000a0000000, 0x00000000a5d80000, 0x00000000e0000000)
  object space 95744K, 65% used [0x00000000a0000000,0x00000000a3d3f148,0x00000000a5d80000)
 Metaspace       used 65844K, capacity 68484K, committed 68824K, reserved 1110016K
  class space    used 8238K, capacity 8855K, committed 8960K, reserved 1048576K
Event: 79.442 GC heap after
Heap after GC invocations=26 (full 3):
 PSYoungGen      total 148992K, used 19873K [0x00000000e0000000, 0x00000000ec480000, 0x0000000100000000)
  eden space 124928K, 0% used [0x00000000e0000000,0x00000000e0000000,0x00000000e7a00000)
  from space 24064K, 82% used [0x00000000e7a00000,0x00000000e8d68608,0x00000000e9180000)
  to   space 26112K, 0% used [0x00000000eab00000,0x00000000eab00000,0x00000000ec480000)
 ParOldGen       total 95744K, used 76522K [0x00000000a0000000, 0x00000000a5d80000, 0x00000000e0000000)
  object space 95744K, 79% used [0x00000000a0000000,0x00000000a4aba8d8,0x00000000a5d80000)
 Metaspace       used 65844K, capacity 68484K, committed 68824K, reserved 1110016K
  class space    used 8238K, capacity 8855K, committed 8960K, reserved 1048576K
}
Event: 81.151 GC heap before
{Heap before GC invocations=27 (full 3):
 PSYoungGen      total 148992K, used 144801K [0x00000000e0000000, 0x00000000ec480000, 0x0000000100000000)
  eden space 124928K, 100% used [0x00000000e0000000,0x00000000e7a00000,0x00000000e7a00000)
  from space 24064K, 82% used [0x00000000e7a00000,0x00000000e8d68608,0x00000000e9180000)
  to   space 26112K, 0% used [0x00000000eab00000,0x00000000eab00000,0x00000000ec480000)
 ParOldGen       total 95744K, used 76522K [0x00000000a0000000, 0x00000000a5d80000, 0x00000000e0000000)
  object space 95744K, 79% used [0x00000000a0000000,0x00000000a4aba8d8,0x00000000a5d80000)
 Metaspace       used 65864K, capacity 68484K, committed 68824K, reserved 1110016K
  class space    used 8238K, capacity 8855K, committed 8960K, reserved 1048576K
Event: 81.292 GC heap after
Heap after GC invocations=27 (full 3):
 PSYoungGen      total 166912K, used 26093K [0x00000000e0000000, 0x00000000edc00000, 0x0000000100000000)
  eden space 140800K, 0% used [0x00000000e0000000,0x00000000e0000000,0x00000000e8980000)
  from space 26112K, 99% used [0x00000000eab00000,0x00000000ec47b7f0,0x00000000ec480000)
  to   space 34304K, 0% used [0x00000000e8980000,0x00000000e8980000,0x00000000eab00000)
 ParOldGen       total 95744K, used 87324K [0x00000000a0000000, 0x00000000a5d80000, 0x00000000e0000000)
  object space 95744K, 91% used [0x00000000a0000000,0x00000000a55473c8,0x00000000a5d80000)
 Metaspace       used 65864K, capacity 68484K, committed 68824K, reserved 1110016K
  class space    used 8238K, capacity 8855K, committed 8960K, reserved 1048576K
}
Event: 81.292 GC heap before
{Heap before GC invocations=28 (full 4):
 PSYoungGen      total 166912K, used 26093K [0x00000000e0000000, 0x00000000edc00000, 0x0000000100000000)
  eden space 140800K, 0% used [0x00000000e0000000,0x00000000e0000000,0x00000000e8980000)
  from space 26112K, 99% used [0x00000000eab00000,0x00000000ec47b7f0,0x00000000ec480000)
  to   space 34304K, 0% used [0x00000000e8980000,0x00000000e8980000,0x00000000eab00000)
 ParOldGen       total 95744K, used 87324K [0x00000000a0000000, 0x00000000a5d80000, 0x00000000e0000000)
  object space 95744K, 91% used [0x00000000a0000000,0x00000000a55473c8,0x00000000a5d80000)
 Metaspace       used 65864K, capacity 68484K, committed 68824K, reserved 1110016K
  class space    used 8238K, capacity 8855K, committed 8960K, reserved 1048576K
Event: 86.551 GC heap after
Heap after GC invocations=28 (full 4):
 PSYoungGen      total 166912K, used 12230K [0x00000000e0000000, 0x00000000edc00000, 0x0000000100000000)
  eden space 140800K, 0% used [0x00000000e0000000,0x00000000e0000000,0x00000000e8980000)
  from space 26112K, 46% used [0x00000000eab00000,0x00000000eb6f1a80,0x00000000ec480000)
  to   space 34304K, 0% used [0x00000000e8980000,0x00000000e8980000,0x00000000eab00000)
 ParOldGen       total 169984K, used 95602K [0x00000000a0000000, 0x00000000aa600000, 0x00000000e0000000)
  object space 169984K, 56% used [0x00000000a0000000,0x00000000a5d5c9a0,0x00000000aa600000)
 Metaspace       used 65864K, capacity 68484K, committed 68824K, reserved 1110016K
  class space    used 8238K, capacity 8855K, committed 8960K, reserved 1048576K
}

