# JRE version: OpenJDK Runtime Environment (8.0_112-b06) (build 1.8.0_112-release-b06)
# Java VM: OpenJDK 64-Bit Server VM (25.112-b06 mixed mode windows-amd64 compressed oops)
Heap:
 PSYoungGen      total 218624K, used 155071K [0x00000000e0000000, 0x00000000f1600000, 0x0000000100000000)
  eden space 186368K, 82% used [0x00000000e0000000,0x00000000e96cdee8,0x00000000eb600000)
  from space 32256K, 4% used [0x00000000eb600000,0x00000000eb78af80,0x00000000ed580000)
  to   space 31232K, 0% used [0x00000000ef780000,0x00000000ef780000,0x00000000f1600000)
 ParOldGen       total 218112K, used 124411K [0x00000000a0000000, 0x00000000ad500000, 0x00000000e0000000)
  object space 218112K, 57% used [0x00000000a0000000,0x00000000a797ef40,0x00000000ad500000)
 Metaspace       used 71323K, capacity 74436K, committed 74584K, reserved 1114112K
  class space    used 8775K, capacity 9517K, committed 9600K, reserved 1048576K
GC Heap History (10 events):
Event: 141.838 GC heap before
{Heap before GC invocations=27 (full 4):
 PSYoungGen      total 186880K, used 167045K [0x00000000e0000000, 0x00000000edc00000, 0x0000000100000000)
  eden space 163840K, 95% used [0x00000000e0000000,0x00000000e994f780,0x00000000ea000000)
  from space 23040K, 43% used [0x00000000ec580000,0x00000000ecf51db0,0x00000000edc00000)
  to   space 30720K, 0% used [0x00000000ea000000,0x00000000ea000000,0x00000000ebe00000)
 ParOldGen       total 218112K, used 114574K [0x00000000a0000000, 0x00000000ad500000, 0x00000000e0000000)
  object space 218112K, 52% used [0x00000000a0000000,0x00000000a6fe39d0,0x00000000ad500000)
 Metaspace       used 67878K, capacity 70626K, committed 70744K, reserved 1112064K
  class space    used 8439K, capacity 9070K, committed 9088K, reserved 1048576K
Event: 141.904 GC heap after
Heap after GC invocations=27 (full 4):
 PSYoungGen      total 194560K, used 13537K [0x00000000e0000000, 0x00000000ef200000, 0x0000000100000000)
  eden space 163840K, 0% used [0x00000000e0000000,0x00000000e0000000,0x00000000ea000000)
  from space 30720K, 44% used [0x00000000ea000000,0x00000000ead38420,0x00000000ebe00000)
  to   space 29184K, 0% used [0x00000000ed580000,0x00000000ed580000,0x00000000ef200000)
 ParOldGen       total 218112K, used 114838K [0x00000000a0000000, 0x00000000ad500000, 0x00000000e0000000)
  object space 218112K, 52% used [0x00000000a0000000,0x00000000a70259e8,0x00000000ad500000)
 Metaspace       used 67878K, capacity 70626K, committed 70744K, reserved 1112064K
  class space    used 8439K, capacity 9070K, committed 9088K, reserved 1048576K
}
Event: 148.846 GC heap before
{Heap before GC invocations=28 (full 4):
 PSYoungGen      total 194560K, used 173657K [0x00000000e0000000, 0x00000000ef200000, 0x0000000100000000)
  eden space 163840K, 97% used [0x00000000e0000000,0x00000000e9c5e228,0x00000000ea000000)
  from space 30720K, 44% used [0x00000000ea000000,0x00000000ead38420,0x00000000ebe00000)
  to   space 29184K, 0% used [0x00000000ed580000,0x00000000ed580000,0x00000000ef200000)
 ParOldGen       total 218112K, used 114838K [0x00000000a0000000, 0x00000000ad500000, 0x00000000e0000000)
  object space 218112K, 52% used [0x00000000a0000000,0x00000000a70259e8,0x00000000ad500000)
 Metaspace       used 68802K, capacity 71584K, committed 71768K, reserved 1112064K
  class space    used 8582K, capacity 9253K, committed 9344K, reserved 1048576K
Event: 148.908 GC heap after
Heap after GC invocations=28 (full 4):
 PSYoungGen      total 215552K, used 26466K [0x00000000e0000000, 0x00000000ef580000, 0x0000000100000000)
  eden space 186368K, 0% used [0x00000000e0000000,0x00000000e0000000,0x00000000eb600000)
  from space 29184K, 90% used [0x00000000ed580000,0x00000000eef58928,0x00000000ef200000)
  to   space 32256K, 0% used [0x00000000eb600000,0x00000000eb600000,0x00000000ed580000)
 ParOldGen       total 218112K, used 114846K [0x00000000a0000000, 0x00000000ad500000, 0x00000000e0000000)
  object space 218112K, 52% used [0x00000000a0000000,0x00000000a70279e8,0x00000000ad500000)
 Metaspace       used 68802K, capacity 71584K, committed 71768K, reserved 1112064K
  class space    used 8582K, capacity 9253K, committed 9344K, reserved 1048576K
}
Event: 152.098 GC heap before
{Heap before GC invocations=29 (full 4):
 PSYoungGen      total 215552K, used 212264K [0x00000000e0000000, 0x00000000ef580000, 0x0000000100000000)
  eden space 186368K, 99% used [0x00000000e0000000,0x00000000eb5716e8,0x00000000eb600000)
  from space 29184K, 90% used [0x00000000ed580000,0x00000000eef58928,0x00000000ef200000)
  to   space 32256K, 0% used [0x00000000eb600000,0x00000000eb600000,0x00000000ed580000)
 ParOldGen       total 218112K, used 114846K [0x00000000a0000000, 0x00000000ad500000, 0x00000000e0000000)
  object space 218112K, 52% used [0x00000000a0000000,0x00000000a70279e8,0x00000000ad500000)
 Metaspace       used 68846K, capacity 71670K, committed 71768K, reserved 1112064K
  class space    used 8589K, capacity 9260K, committed 9344K, reserved 1048576K
Event: 152.833 GC heap after
Heap after GC invocations=29 (full 4):
 PSYoungGen      total 218624K, used 16359K [0x00000000e0000000, 0x00000000f1600000, 0x0000000100000000)
  eden space 186368K, 0% used [0x00000000e0000000,0x00000000e0000000,0x00000000eb600000)
  from space 32256K, 50% used [0x00000000eb600000,0x00000000ec5f9fa0,0x00000000ed580000)
  to   space 31232K, 0% used [0x00000000ef780000,0x00000000ef780000,0x00000000f1600000)
 ParOldGen       total 218112K, used 114854K [0x00000000a0000000, 0x00000000ad500000, 0x00000000e0000000)
  object space 218112K, 52% used [0x00000000a0000000,0x00000000a70299e8,0x00000000ad500000)
 Metaspace       used 68846K, capacity 71670K, committed 71768K, reserved 1112064K
  class space    used 8589K, capacity 9260K, committed 9344K, reserved 1048576K
}
Event: 152.919 GC heap before
{Heap before GC invocations=30 (full 4):
 PSYoungGen      total 218624K, used 202680K [0x00000000e0000000, 0x00000000f1600000, 0x0000000100000000)
  eden space 186368K, 99% used [0x00000000e0000000,0x00000000eb5f4228,0x00000000eb600000)
  from space 32256K, 50% used [0x00000000eb600000,0x00000000ec5f9fa0,0x00000000ed580000)
  to   space 31232K, 0% used [0x00000000ef780000,0x00000000ef780000,0x00000000f1600000)
 ParOldGen       total 218112K, used 114854K [0x00000000a0000000, 0x00000000ad500000, 0x00000000e0000000)
  object space 218112K, 52% used [0x00000000a0000000,0x00000000a70299e8,0x00000000ad500000)
 Metaspace       used 68851K, capacity 71670K, committed 71768K, reserved 1112064K
  class space    used 8589K, capacity 9260K, committed 9344K, reserved 1048576K
Event: 153.004 GC heap after
Heap after GC invocations=30 (full 4):
 PSYoungGen      total 217600K, used 6998K [0x00000000e0000000, 0x00000000f1600000, 0x0000000100000000)
  eden space 186368K, 0% used [0x00000000e0000000,0x00000000e0000000,0x00000000eb600000)
  from space 31232K, 22% used [0x00000000ef780000,0x00000000efe55848,0x00000000f1600000)
  to   space 32256K, 0% used [0x00000000eb600000,0x00000000eb600000,0x00000000ed580000)
 ParOldGen       total 218112K, used 123785K [0x00000000a0000000, 0x00000000ad500000, 0x00000000e0000000)
  object space 218112K, 56% used [0x00000000a0000000,0x00000000a78e25c8,0x00000000ad500000)
 Metaspace       used 68851K, capacity 71670K, committed 71768K, reserved 1112064K
  class space    used 8589K, capacity 9260K, committed 9344K, reserved 1048576K
}
Event: 157.068 GC heap before
{Heap before GC invocations=31 (full 4):
 PSYoungGen      total 217600K, used 193366K [0x00000000e0000000, 0x00000000f1600000, 0x0000000100000000)
  eden space 186368K, 100% used [0x00000000e0000000,0x00000000eb600000,0x00000000eb600000)
  from space 31232K, 22% used [0x00000000ef780000,0x00000000efe55848,0x00000000f1600000)
  to   space 32256K, 0% used [0x00000000eb600000,0x00000000eb600000,0x00000000ed580000)
 ParOldGen       total 218112K, used 123785K [0x00000000a0000000, 0x00000000ad500000, 0x00000000e0000000)
  object space 218112K, 56% used [0x00000000a0000000,0x00000000a78e25c8,0x00000000ad500000)
 Metaspace       used 70512K, capacity 73290K, committed 73432K, reserved 1114112K
  class space    used 8717K, capacity 9366K, committed 9472K, reserved 1048576K
Event: 157.078 GC heap after
Heap after GC invocations=31 (full 4):
 PSYoungGen      total 218624K, used 1579K [0x00000000e0000000, 0x00000000f1600000, 0x0000000100000000)
  eden space 186368K, 0% used [0x00000000e0000000,0x00000000e0000000,0x00000000eb600000)
  from space 32256K, 4% used [0x00000000eb600000,0x00000000eb78af80,0x00000000ed580000)
  to   space 31232K, 0% used [0x00000000ef780000,0x00000000ef780000,0x00000000f1600000)
 ParOldGen       total 218112K, used 124411K [0x00000000a0000000, 0x00000000ad500000, 0x00000000e0000000)
  object space 218112K, 57% used [0x00000000a0000000,0x00000000a797ef40,0x00000000ad500000)
 Metaspace       used 70512K, capacity 73290K, committed 73432K, reserved 1114112K
  class space    used 8717K, capacity 9366K, committed 9472K, reserved 1048576K
}

