# JRE version: OpenJDK Runtime Environment (8.0_112-b06) (build 1.8.0_112-release-b06)
# Java VM: OpenJDK 64-Bit Server VM (25.112-b06 mixed mode windows-amd64 compressed oops)
Heap:
 PSYoungGen      total 181760K, used 42277K [0x00000000e0000000, 0x00000000edf80000, 0x0000000100000000)
  eden space 145408K, 20% used [0x00000000e0000000,0x00000000e1c9fe10,0x00000000e8e00000)
  from space 36352K, 35% used [0x00000000e8e00000,0x00000000e9aa9648,0x00000000eb180000)
  to   space 34304K, 0% used [0x00000000ebe00000,0x00000000ebe00000,0x00000000edf80000)
 ParOldGen       total 162816K, used 79831K [0x00000000a0000000, 0x00000000a9f00000, 0x00000000e0000000)
  object space 162816K, 49% used [0x00000000a0000000,0x00000000a4df5f68,0x00000000a9f00000)
 Metaspace       used 78387K, capacity 82256K, committed 82392K, reserved 1122304K
  class space    used 9490K, capacity 10397K, committed 10496K, reserved 1048576K
GC Heap History (10 events):
Event: 969.325 GC heap before
{Heap before GC invocations=29 (full 3):
 PSYoungGen      total 154112K, used 154090K [0x00000000e0000000, 0x00000000ebc80000, 0x0000000100000000)
  eden space 131584K, 100% used [0x00000000e0000000,0x00000000e8080000,0x00000000e8080000)
  from space 22528K, 99% used [0x00000000e8080000,0x00000000e967a8d0,0x00000000e9680000)
  to   space 27136K, 0% used [0x00000000ea200000,0x00000000ea200000,0x00000000ebc80000)
 ParOldGen       total 101376K, used 73886K [0x00000000a0000000, 0x00000000a6300000, 0x00000000e0000000)
  object space 101376K, 72% used [0x00000000a0000000,0x00000000a4827a48,0x00000000a6300000)
 Metaspace       used 77117K, capacity 80702K, committed 80856K, reserved 1120256K
  class space    used 9340K, capacity 10140K, committed 10240K, reserved 1048576K
Event: 969.649 GC heap after
Heap after GC invocations=29 (full 3):
 PSYoungGen      total 163328K, used 22022K [0x00000000e0000000, 0x00000000ec280000, 0x0000000100000000)
  eden space 136192K, 0% used [0x00000000e0000000,0x00000000e0000000,0x00000000e8500000)
  from space 27136K, 81% used [0x00000000ea200000,0x00000000eb781b08,0x00000000ebc80000)
  to   space 29696K, 0% used [0x00000000e8500000,0x00000000e8500000,0x00000000ea200000)
 ParOldGen       total 101376K, used 85959K [0x00000000a0000000, 0x00000000a6300000, 0x00000000e0000000)
  object space 101376K, 84% used [0x00000000a0000000,0x00000000a53f1f18,0x00000000a6300000)
 Metaspace       used 77117K, capacity 80702K, committed 80856K, reserved 1120256K
  class space    used 9340K, capacity 10140K, committed 10240K, reserved 1048576K
}
Event: 979.835 GC heap before
{Heap before GC invocations=30 (full 3):
 PSYoungGen      total 163328K, used 158214K [0x00000000e0000000, 0x00000000ec280000, 0x0000000100000000)
  eden space 136192K, 100% used [0x00000000e0000000,0x00000000e8500000,0x00000000e8500000)
  from space 27136K, 81% used [0x00000000ea200000,0x00000000eb781b08,0x00000000ebc80000)
  to   space 29696K, 0% used [0x00000000e8500000,0x00000000e8500000,0x00000000ea200000)
 ParOldGen       total 101376K, used 85959K [0x00000000a0000000, 0x00000000a6300000, 0x00000000e0000000)
  object space 101376K, 84% used [0x00000000a0000000,0x00000000a53f1f18,0x00000000a6300000)
 Metaspace       used 77224K, capacity 80766K, committed 81112K, reserved 1120256K
  class space    used 9340K, capacity 10140K, committed 10240K, reserved 1048576K
Event: 979.940 GC heap after
Heap after GC invocations=30 (full 3):
 PSYoungGen      total 165888K, used 29695K [0x00000000e0000000, 0x00000000ed500000, 0x0000000100000000)
  eden space 136192K, 0% used [0x00000000e0000000,0x00000000e0000000,0x00000000e8500000)
  from space 29696K, 99% used [0x00000000e8500000,0x00000000ea1ffc40,0x00000000ea200000)
  to   space 36352K, 0% used [0x00000000eb180000,0x00000000eb180000,0x00000000ed500000)
 ParOldGen       total 101376K, used 92105K [0x00000000a0000000, 0x00000000a6300000, 0x00000000e0000000)
  object space 101376K, 90% used [0x00000000a0000000,0x00000000a59f2570,0x00000000a6300000)
 Metaspace       used 77224K, capacity 80766K, committed 81112K, reserved 1120256K
  class space    used 9340K, capacity 10140K, committed 10240K, reserved 1048576K
}
Event: 979.941 GC heap before
{Heap before GC invocations=31 (full 4):
 PSYoungGen      total 165888K, used 29695K [0x00000000e0000000, 0x00000000ed500000, 0x0000000100000000)
  eden space 136192K, 0% used [0x00000000e0000000,0x00000000e0000000,0x00000000e8500000)
  from space 29696K, 99% used [0x00000000e8500000,0x00000000ea1ffc40,0x00000000ea200000)
  to   space 36352K, 0% used [0x00000000eb180000,0x00000000eb180000,0x00000000ed500000)
 ParOldGen       total 101376K, used 92105K [0x00000000a0000000, 0x00000000a6300000, 0x00000000e0000000)
  object space 101376K, 90% used [0x00000000a0000000,0x00000000a59f2570,0x00000000a6300000)
 Metaspace       used 77224K, capacity 80766K, committed 81112K, reserved 1120256K
  class space    used 9340K, capacity 10140K, committed 10240K, reserved 1048576K
Event: 981.674 GC heap after
Heap after GC invocations=31 (full 4):
 PSYoungGen      total 165888K, used 0K [0x00000000e0000000, 0x00000000ed500000, 0x0000000100000000)
  eden space 136192K, 0% used [0x00000000e0000000,0x00000000e0000000,0x00000000e8500000)
  from space 29696K, 0% used [0x00000000e8500000,0x00000000e8500000,0x00000000ea200000)
  to   space 36352K, 0% used [0x00000000eb180000,0x00000000eb180000,0x00000000ed500000)
 ParOldGen       total 162816K, used 79815K [0x00000000a0000000, 0x00000000a9f00000, 0x00000000e0000000)
  object space 162816K, 49% used [0x00000000a0000000,0x00000000a4df1f68,0x00000000a9f00000)
 Metaspace       used 77196K, capacity 80672K, committed 81112K, reserved 1120256K
  class space    used 9331K, capacity 10131K, committed 10240K, reserved 1048576K
}
Event: 1008.392 GC heap before
{Heap before GC invocations=32 (full 4):
 PSYoungGen      total 165888K, used 136192K [0x00000000e0000000, 0x00000000ed500000, 0x0000000100000000)
  eden space 136192K, 100% used [0x00000000e0000000,0x00000000e8500000,0x00000000e8500000)
  from space 29696K, 0% used [0x00000000e8500000,0x00000000e8500000,0x00000000ea200000)
  to   space 36352K, 0% used [0x00000000eb180000,0x00000000eb180000,0x00000000ed500000)
 ParOldGen       total 162816K, used 79815K [0x00000000a0000000, 0x00000000a9f00000, 0x00000000e0000000)
  object space 162816K, 49% used [0x00000000a0000000,0x00000000a4df1f68,0x00000000a9f00000)
 Metaspace       used 77325K, capacity 80842K, committed 81112K, reserved 1120256K
  class space    used 9341K, capacity 10148K, committed 10240K, reserved 1048576K
Event: 1008.442 GC heap after
Heap after GC invocations=32 (full 4):
 PSYoungGen      total 181760K, used 4128K [0x00000000e0000000, 0x00000000ed580000, 0x0000000100000000)
  eden space 145408K, 0% used [0x00000000e0000000,0x00000000e0000000,0x00000000e8e00000)
  from space 36352K, 11% used [0x00000000eb180000,0x00000000eb588000,0x00000000ed500000)
  to   space 36352K, 0% used [0x00000000e8e00000,0x00000000e8e00000,0x00000000eb180000)
 ParOldGen       total 162816K, used 79823K [0x00000000a0000000, 0x00000000a9f00000, 0x00000000e0000000)
  object space 162816K, 49% used [0x00000000a0000000,0x00000000a4df3f68,0x00000000a9f00000)
 Metaspace       used 77325K, capacity 80842K, committed 81112K, reserved 1120256K
  class space    used 9341K, capacity 10148K, committed 10240K, reserved 1048576K
}
Event: 1029.308 GC heap before
{Heap before GC invocations=33 (full 4):
 PSYoungGen      total 181760K, used 149536K [0x00000000e0000000, 0x00000000ed580000, 0x0000000100000000)
  eden space 145408K, 100% used [0x00000000e0000000,0x00000000e8e00000,0x00000000e8e00000)
  from space 36352K, 11% used [0x00000000eb180000,0x00000000eb588000,0x00000000ed500000)
  to   space 36352K, 0% used [0x00000000e8e00000,0x00000000e8e00000,0x00000000eb180000)
 ParOldGen       total 162816K, used 79823K [0x00000000a0000000, 0x00000000a9f00000, 0x00000000e0000000)
  object space 162816K, 49% used [0x00000000a0000000,0x00000000a4df3f68,0x00000000a9f00000)
 Metaspace       used 78324K, capacity 82226K, committed 82392K, reserved 1122304K
  class space    used 9487K, capacity 10392K, committed 10496K, reserved 1048576K
Event: 1029.731 GC heap after
Heap after GC invocations=33 (full 4):
 PSYoungGen      total 181760K, used 12965K [0x00000000e0000000, 0x00000000edf80000, 0x0000000100000000)
  eden space 145408K, 0% used [0x00000000e0000000,0x00000000e0000000,0x00000000e8e00000)
  from space 36352K, 35% used [0x00000000e8e00000,0x00000000e9aa9648,0x00000000eb180000)
  to   space 34304K, 0% used [0x00000000ebe00000,0x00000000ebe00000,0x00000000edf80000)
 ParOldGen       total 162816K, used 79831K [0x00000000a0000000, 0x00000000a9f00000, 0x00000000e0000000)
  object space 162816K, 49% used [0x00000000a0000000,0x00000000a4df5f68,0x00000000a9f00000)
 Metaspace       used 78324K, capacity 82226K, committed 82392K, reserved 1122304K
  class space    used 9487K, capacity 10392K, committed 10496K, reserved 1048576K
}

